C51 COMPILER V9.53.0.0   LONG_SERIAL_IN                                                    12/01/2015 21:53:14 PAGE 1   


C51 COMPILER V9.53.0.0, COMPILATION OF MODULE LONG_SERIAL_IN
OBJECT MODULE PLACED IN Long_Serial_In.OBJ
COMPILER INVOKED BY: C:\Keil_v5\C51\BIN\C51.EXE Long_Serial_In.c OPTIMIZE(8,SPEED) DEBUG OBJECTEXTEND TABS(2)

line level    source

   1          #include <stdio.h>
   2          #include "main.h"
   3          #include "Long_Serial_In.h"
   4          #include <stdlib.h>
   5          
   6          
   7          /***********************************************************************
   8          DESC:    Waits for user input of a long integer as ASCII characters
   9                  
  10          INPUT: Nothing
  11          RETURNS: unsigned long
  12          CAUTION: UART must be initialized first
  13          ************************************************************************/
  14          
  15          //uint32_t long_serial_input(void)
  16          //{
  17          //   uint8_t index,input,input_values[11];   
  18          //   uint32_t output_value;
  19          //      for(index=0;index<11;index++)
  20          //      {
  21          //        input_values[index]=0;
  22          //      }
  23          //      output_value=0xffffffff;
  24          //      index=0;
  25          //      do
  26          //      {
  27          //         input=getchar();
  28          //         if((input>=0x30)&&(input<=0x39))
  29          //         {
  30          //           input_values[index]=input;
  31          //           index++;
  32          //         }
  33          //         else if ((input==BS)||(input==DEL))  // Putty uses DEL (127) or BS (0x08) for backspace
  34          //         {
  35          //           index--;
  36          //           input_values[index]=0;
  37          //           putchar(space);
  38          //           putchar(BS);
  39          //         }
  40          //         else if ((input==CR)||(input==LF))
  41          //         {
  42          //            output_value=atol(input_values);
  43          //            putchar(CR);
  44          //      putchar(LF);
  45          //         }
  46          //         else
  47          //         {
  48          //           putchar(BS);
  49          //           putchar(space);
  50          //           putchar(BS);
  51          //         }
  52          //         if(index==10)
  53          //         {
  54          //            output_value=atol(input_values);
  55          //            putchar(CR);
C51 COMPILER V9.53.0.0   LONG_SERIAL_IN                                                    12/01/2015 21:53:14 PAGE 2   

  56          //      putchar(LF);
  57          //         }
  58          //      }while(output_value==0xffffffff);
  59          
  60          //return output_value;
  61          //}


MODULE INFORMATION:   STATIC OVERLAYABLE
   CODE SIZE        =   ----    ----
   CONSTANT SIZE    =   ----    ----
   XDATA SIZE       =   ----    ----
   PDATA SIZE       =   ----    ----
   DATA SIZE        =   ----    ----
   IDATA SIZE       =   ----    ----
   BIT SIZE         =   ----    ----
END OF MODULE INFORMATION.


C51 COMPILATION COMPLETE.  0 WARNING(S),  0 ERROR(S)
