C51 COMPILER V9.53.0.0   SPI                                                               12/13/2015 15:05:10 PAGE 1   


C51 COMPILER V9.53.0.0, COMPILATION OF MODULE SPI
OBJECT MODULE PLACED IN spi.OBJ
COMPILER INVOKED BY: C:\Keil_v5\C51\BIN\C51.EXE spi.c OPTIMIZE(8,SPEED) DEBUG OBJECTEXTEND TABS(2)

line level    source

   1          #include "main.h"
   2          #include "port.h"
   3          #include "spi.h"
   4          
   5          
   6          uint8_t SPI_master_init(uint32_t SCLR_FREQ)
   7          {
   8   1        uint8_t divider, return_val;
   9   1        return_val = NO_ERRORS;
  10   1        divider = (uint8_t)(((OSC_FREQ/OSC_PER_INST)*6)/SCLR_FREQ);
  11   1        if(divider <=2)
  12   1          SPCON = 0x70;
  13   1        else if(divider <=4)
  14   1          SPCON = 0x71;
  15   1        else if(divider <=8)
  16   1          SPCON = 0x72;
  17   1        else if(divider <=16)
  18   1          SPCON = 0x73;
  19   1        else if(divider <=32)
  20   1          SPCON = 0xF0; 
  21   1        else if(divider <=64)
  22   1          SPCON = 0xF1; 
  23   1        else if(divider <=128)
  24   1          SPCON = 0xF2; 
  25   1        else // divider > 128
  26   1          return_val = ILLEGAL_CLOCKRATE;
  27   1        return return_val;
  28   1      }
  29          
  30          
  31          
  32          uint8_t SPI_transfer(uint8_t data_input, uint8_t *data_output)
  33          {
  34   1        uint8_t test, timeout;
  35   1        timeout = 0;
  36   1        SPDAT = data_input;
  37   1        do
  38   1        {
  39   2          test = SPSTA;
  40   2          timeout++;
  41   2        }while(((test & 0x80) != 0x80)&&(timeout!=0));
  42   1        if(timeout != 0)
  43   1        {
  44   2          *data_output = SPDAT;
  45   2          timeout = (test & 0x70);
  46   2        }
  47   1        else
  48   1        {
  49   2          timeout = TIMEOUT_ERROR;
  50   2        }
  51   1        return timeout;
  52   1      }
  53          
  54          
  55          
C51 COMPILER V9.53.0.0   SPI                                                               12/13/2015 15:05:10 PAGE 2   

  56          
  57          
  58          uint8_t SPI_transfer_ISR(uint8_t data_input, uint8_t *data_output)
  59          {
  60   1        uint8_t test, timeout;
  61   1        timeout = 0;
  62   1        SPDAT = data_input;
  63   1        do
  64   1        {
  65   2          test = SPSTA;
  66   2          timeout++;
  67   2        }while(((test & 0x80) != 0x80)&&(timeout!=0));
  68   1        if(timeout != 0)
  69   1        {
  70   2          *data_output = SPDAT;
  71   2          timeout = (test & 0x70);
  72   2        }
  73   1        else
  74   1        {
  75   2          timeout = TIMEOUT_ERROR;
  76   2        }
  77   1        return timeout;
  78   1      }
  79          
  80          


MODULE INFORMATION:   STATIC OVERLAYABLE
   CODE SIZE        =    169    ----
   CONSTANT SIZE    =   ----    ----
   XDATA SIZE       =   ----    ----
   PDATA SIZE       =   ----    ----
   DATA SIZE        =   ----       1
   IDATA SIZE       =   ----    ----
   BIT SIZE         =   ----    ----
END OF MODULE INFORMATION.


C51 COMPILATION COMPLETE.  0 WARNING(S),  0 ERROR(S)
